c:\users\admin\desktop\blackjackprojekt-goodversion-main\blackjackprojekt-goodversion-main\blackjack\blackjack\x64\debug\vc143.pdb
c:\users\admin\desktop\blackjackprojekt-goodversion-main\blackjackprojekt-goodversion-main\blackjack\blackjack\x64\debug\vc143.idb
c:\users\admin\desktop\blackjackprojekt-goodversion-main\blackjackprojekt-goodversion-main\blackjack\blackjack\x64\debug\statistics.obj
c:\users\admin\desktop\blackjackprojekt-goodversion-main\blackjackprojekt-goodversion-main\blackjack\blackjack\x64\debug\main.obj
c:\users\admin\desktop\blackjackprojekt-goodversion-main\blackjackprojekt-goodversion-main\blackjack\blackjack\x64\debug\player.obj
c:\users\admin\desktop\blackjackprojekt-goodversion-main\blackjackprojekt-goodversion-main\blackjack\blackjack\x64\debug\hand.obj
c:\users\admin\desktop\blackjackprojekt-goodversion-main\blackjackprojekt-goodversion-main\blackjack\blackjack\x64\debug\deck.obj
c:\users\admin\desktop\blackjackprojekt-goodversion-main\blackjackprojekt-goodversion-main\blackjack\blackjack\x64\debug\card.obj
c:\users\admin\desktop\blackjackprojekt-goodversion-main\blackjackprojekt-goodversion-main\blackjack\blackjack\x64\debug\blackjackgame.obj
c:\users\admin\desktop\blackjackprojekt-goodversion-main\blackjackprojekt-goodversion-main\blackjack\blackjack\x64\debug\aiplayer.obj
c:\users\admin\desktop\blackjackprojekt-goodversion-main\blackjackprojekt-goodversion-main\blackjack\x64\debug\blackjack.exe
c:\users\admin\desktop\blackjackprojekt-goodversion-main\blackjackprojekt-goodversion-main\blackjack\x64\debug\blackjack.pdb
c:\users\admin\desktop\blackjackprojekt-goodversion-main\blackjackprojekt-goodversion-main\blackjack\blackjack\x64\debug\blackjack.ilk
c:\users\admin\desktop\blackjackprojekt-goodversion-main\blackjackprojekt-goodversion-main\blackjack\blackjack\x64\debug\blackjack.tlog\cl.command.1.tlog
c:\users\admin\desktop\blackjackprojekt-goodversion-main\blackjackprojekt-goodversion-main\blackjack\blackjack\x64\debug\blackjack.tlog\cl.items.tlog
c:\users\admin\desktop\blackjackprojekt-goodversion-main\blackjackprojekt-goodversion-main\blackjack\blackjack\x64\debug\blackjack.tlog\cl.read.1.tlog
c:\users\admin\desktop\blackjackprojekt-goodversion-main\blackjackprojekt-goodversion-main\blackjack\blackjack\x64\debug\blackjack.tlog\cl.write.1.tlog
c:\users\admin\desktop\blackjackprojekt-goodversion-main\blackjackprojekt-goodversion-main\blackjack\blackjack\x64\debug\blackjack.tlog\link.command.1.tlog
c:\users\admin\desktop\blackjackprojekt-goodversion-main\blackjackprojekt-goodversion-main\blackjack\blackjack\x64\debug\blackjack.tlog\link.read.1.tlog
c:\users\admin\desktop\blackjackprojekt-goodversion-main\blackjackprojekt-goodversion-main\blackjack\blackjack\x64\debug\blackjack.tlog\link.secondary.1.tlog
c:\users\admin\desktop\blackjackprojekt-goodversion-main\blackjackprojekt-goodversion-main\blackjack\blackjack\x64\debug\blackjack.tlog\link.write.1.tlog
